Arguments: 
  C:\Program Files\nodejs\node.exe C:\Users\nitin\AppData\Roaming\npm\node_modules\yarn\bin\yarn.js add @angular/fire@5.4.2 --silent --no-lockfile

PATH: 
  C:\Users\nitin\AppData\Roaming\npm;C:\Program Files\nodejs\;C:\Users\nitin\AppData\Local\Programs\Microsoft VS Code\bin;C:\Program Files\Git\cmd;C:\Program Files;C:\Winnt;C:\Winnt\System32;C:\Program Files\nodejs\;C:\Users\nitin\AppData\Local\Programs\Microsoft VS Code\bin;C:\Users\nitin\AppData\Roaming\npm

Yarn version: 
  1.22.4

Node version: 
  12.18.2

Platform: 
  win32 x64

Trace: 
  Error: E:\Angular Project\pos\posui\node_modules\protobufjs: EINVAL: invalid argument, mkdir 'C:\Users\nitin\AppData\Local\Temp:C:\Program Files (x86)\Apache Software Foundation\Apache Tomcat 7.0.41\lib\servlet-api.jar\yarn--1594291280789-0.7974539592789001'

npm manifest: 
  {
    "name": "posui",
    "version": "0.0.0",
    "scripts": {
      "ng": "ng",
      "start": "ng serve",
      "build": "ng build",
      "test": "ng test",
      "lint": "ng lint",
      "e2e": "ng e2e"
    },
    "private": true,
    "dependencies": {
      "@angular/animations": "~8.2.14",
      "@angular/common": "~8.2.14",
      "@angular/compiler": "~8.2.14",
      "@angular/core": "~8.2.14",
      "@angular/forms": "~8.2.14",
      "@angular/platform-browser": "~8.2.14",
      "@angular/platform-browser-dynamic": "~8.2.14",
      "@angular/router": "~8.2.14",
      "rxjs": "~6.4.0",
      "tslib": "^1.10.0",
      "zone.js": "~0.9.1",
      "firebase": ">= 5.5.7 <8"
    },
    "devDependencies": {
      "@angular-devkit/build-angular": "~0.803.19",
      "@angular/cli": "~8.3.19",
      "@angular/compiler-cli": "~8.2.14",
      "@angular/language-service": "~8.2.14",
      "@types/node": "~8.9.4",
      "@types/jasmine": "~3.3.8",
      "@types/jasminewd2": "~2.0.3",
      "codelyzer": "^5.0.0",
      "jasmine-core": "~3.4.0",
      "jasmine-spec-reporter": "~4.2.1",
      "karma": "~4.1.0",
      "karma-chrome-launcher": "~2.2.0",
      "karma-coverage-istanbul-reporter": "~2.0.1",
      "karma-jasmine": "~2.0.1",
      "karma-jasmine-html-reporter": "^1.4.0",
      "protractor": "~5.4.0",
      "ts-node": "~7.0.0",
      "tslint": "~5.15.0",
      "typescript": "~3.5.3",
      "@angular-devkit/architect": "<0.900 || ^0.900.0-0 || ^9.0.0-0",
      "firebase-tools": "^7.12.0",
      "fuzzy": "^0.1.3",
      "inquirer": "^6.2.2",
      "inquirer-autocomplete-prompt": "^1.0.1"
    }
  }

yarn manifest: 
  No manifest

Lockfile: 
  No lockfile
